mode: set
github.com/angel-gruevski/test-driven-development-in-go/chapter02/calculator/engine.go:22.26,32.2 6 1
github.com/angel-gruevski/test-driven-development-in-go/chapter02/calculator/engine.go:35.39,37.2 1 1
github.com/angel-gruevski/test-driven-development-in-go/chapter02/calculator/engine.go:39.47,41.35 2 1
github.com/angel-gruevski/test-driven-development-in-go/chapter02/calculator/engine.go:41.35,43.3 1 1
github.com/angel-gruevski/test-driven-development-in-go/chapter02/calculator/engine.go:45.2,45.18 1 1
github.com/angel-gruevski/test-driven-development-in-go/chapter02/calculator/engine.go:49.54,52.2 2 1
github.com/angel-gruevski/test-driven-development-in-go/chapter02/calculator/engine.go:55.54,58.2 2 1
github.com/angel-gruevski/test-driven-development-in-go/chapter02/calculator/engine.go:61.55,64.2 2 1
github.com/angel-gruevski/test-driven-development-in-go/chapter02/calculator/engine.go:67.54,68.12 1 1
github.com/angel-gruevski/test-driven-development-in-go/chapter02/calculator/engine.go:68.12,70.3 1 1
github.com/angel-gruevski/test-driven-development-in-go/chapter02/calculator/engine.go:71.2,72.21 2 1
github.com/angel-gruevski/test-driven-development-in-go/chapter02/calculator/engine.go:80.73,83.9 2 1
github.com/angel-gruevski/test-driven-development-in-go/chapter02/calculator/engine.go:83.9,86.3 2 1
github.com/angel-gruevski/test-driven-development-in-go/chapter02/calculator/engine.go:88.2,89.42 2 1
github.com/angel-gruevski/test-driven-development-in-go/chapter02/calculator/engine.go:89.42,92.3 2 1
github.com/angel-gruevski/test-driven-development-in-go/chapter02/calculator/engine.go:94.2,95.16 2 1
github.com/angel-gruevski/test-driven-development-in-go/chapter02/calculator/engine.go:95.16,97.3 1 1
github.com/angel-gruevski/test-driven-development-in-go/chapter02/calculator/engine.go:98.2,99.19 2 1
github.com/angel-gruevski/test-driven-development-in-go/chapter02/format/error.go:5.42,7.2 1 1
github.com/angel-gruevski/test-driven-development-in-go/chapter02/format/result.go:7.49,9.2 1 1
github.com/angel-gruevski/test-driven-development-in-go/chapter02/input/parser.go:20.78,25.2 1 1
github.com/angel-gruevski/test-driven-development-in-go/chapter02/input/parser.go:28.66,30.16 2 1
github.com/angel-gruevski/test-driven-development-in-go/chapter02/input/parser.go:30.16,32.3 1 1
github.com/angel-gruevski/test-driven-development-in-go/chapter02/input/parser.go:33.2,33.46 1 1
github.com/angel-gruevski/test-driven-development-in-go/chapter02/input/parser.go:36.75,39.34 2 1
github.com/angel-gruevski/test-driven-development-in-go/chapter02/input/parser.go:39.34,41.3 1 1
github.com/angel-gruevski/test-driven-development-in-go/chapter02/input/parser.go:43.2,44.16 2 1
github.com/angel-gruevski/test-driven-development-in-go/chapter02/input/parser.go:44.16,46.3 1 1
github.com/angel-gruevski/test-driven-development-in-go/chapter02/input/parser.go:47.2,48.16 2 1
github.com/angel-gruevski/test-driven-development-in-go/chapter02/input/parser.go:48.16,50.3 1 1
github.com/angel-gruevski/test-driven-development-in-go/chapter02/input/parser.go:52.2,54.67 3 1
github.com/angel-gruevski/test-driven-development-in-go/chapter02/input/parser.go:54.67,56.3 1 1
github.com/angel-gruevski/test-driven-development-in-go/chapter02/input/parser.go:58.2,62.8 1 1
github.com/angel-gruevski/test-driven-development-in-go/chapter02/input/validator.go:10.69,15.2 1 1
github.com/angel-gruevski/test-driven-development-in-go/chapter02/input/validator.go:22.75,24.40 2 1
github.com/angel-gruevski/test-driven-development-in-go/chapter02/input/validator.go:24.40,26.3 1 1
github.com/angel-gruevski/test-driven-development-in-go/chapter02/input/validator.go:28.2,28.34 1 1
github.com/angel-gruevski/test-driven-development-in-go/chapter02/input/validator.go:32.58,33.37 1 1
github.com/angel-gruevski/test-driven-development-in-go/chapter02/input/validator.go:33.37,34.20 1 1
github.com/angel-gruevski/test-driven-development-in-go/chapter02/input/validator.go:34.20,36.4 1 1
github.com/angel-gruevski/test-driven-development-in-go/chapter02/input/validator.go:39.2,39.53 1 1
