mode: set
github.com/angel-gruevski/test-driven-development-in-go/chapter04/db/book_service.go:22.69,24.28 2 1
github.com/angel-gruevski/test-driven-development-in-go/chapter04/db/book_service.go:24.28,26.3 1 1
github.com/angel-gruevski/test-driven-development-in-go/chapter04/db/book_service.go:27.2,30.3 1 1
github.com/angel-gruevski/test-driven-development-in-go/chapter04/db/book_service.go:34.54,37.9 2 1
github.com/angel-gruevski/test-driven-development-in-go/chapter04/db/book_service.go:37.9,39.3 1 1
github.com/angel-gruevski/test-driven-development-in-go/chapter04/db/book_service.go:40.2,40.19 1 1
github.com/angel-gruevski/test-driven-development-in-go/chapter04/db/book_service.go:44.44,46.9 2 1
github.com/angel-gruevski/test-driven-development-in-go/chapter04/db/book_service.go:46.9,49.3 2 1
github.com/angel-gruevski/test-driven-development-in-go/chapter04/db/book_service.go:50.2,51.10 2 1
github.com/angel-gruevski/test-driven-development-in-go/chapter04/db/book_service.go:55.38,57.29 2 1
github.com/angel-gruevski/test-driven-development-in-go/chapter04/db/book_service.go:57.29,58.37 1 1
github.com/angel-gruevski/test-driven-development-in-go/chapter04/db/book_service.go:58.37,60.4 1 1
github.com/angel-gruevski/test-driven-development-in-go/chapter04/db/book_service.go:62.2,62.14 1 1
github.com/angel-gruevski/test-driven-development-in-go/chapter04/db/book_service.go:66.57,68.29 2 1
github.com/angel-gruevski/test-driven-development-in-go/chapter04/db/book_service.go:68.29,69.26 1 1
github.com/angel-gruevski/test-driven-development-in-go/chapter04/db/book_service.go:69.26,71.4 1 1
github.com/angel-gruevski/test-driven-development-in-go/chapter04/db/book_service.go:73.2,73.14 1 1
github.com/angel-gruevski/test-driven-development-in-go/chapter04/db/book_service.go:77.71,79.9 2 1
github.com/angel-gruevski/test-driven-development-in-go/chapter04/db/book_service.go:79.9,81.3 1 1
github.com/angel-gruevski/test-driven-development-in-go/chapter04/db/book_service.go:82.2,82.37 1 1
github.com/angel-gruevski/test-driven-development-in-go/chapter04/db/book_service.go:82.37,84.3 1 1
github.com/angel-gruevski/test-driven-development-in-go/chapter04/db/book_service.go:85.2,87.19 3 1
github.com/angel-gruevski/test-driven-development-in-go/chapter04/db/book_status.go:11.37,13.2 1 1
github.com/angel-gruevski/test-driven-development-in-go/chapter04/db/posting_service.go:16.41,18.2 1 0
github.com/angel-gruevski/test-driven-development-in-go/chapter04/db/posting_service.go:21.58,24.2 2 0
github.com/angel-gruevski/test-driven-development-in-go/chapter04/db/user_service.go:28.94,30.28 2 1
github.com/angel-gruevski/test-driven-development-in-go/chapter04/db/user_service.go:30.28,32.3 1 1
github.com/angel-gruevski/test-driven-development-in-go/chapter04/db/user_service.go:34.2,37.3 1 1
github.com/angel-gruevski/test-driven-development-in-go/chapter04/db/user_service.go:41.62,43.9 2 1
github.com/angel-gruevski/test-driven-development-in-go/chapter04/db/user_service.go:43.9,45.3 1 1
github.com/angel-gruevski/test-driven-development-in-go/chapter04/db/user_service.go:46.2,48.23 2 1
github.com/angel-gruevski/test-driven-development-in-go/chapter04/db/user_service.go:52.48,53.32 1 1
github.com/angel-gruevski/test-driven-development-in-go/chapter04/db/user_service.go:53.32,55.3 1 1
github.com/angel-gruevski/test-driven-development-in-go/chapter04/db/user_service.go:56.2,56.12 1 1
github.com/angel-gruevski/test-driven-development-in-go/chapter04/db/user_service.go:60.53,65.2 3 1
